0 info it worked if it ends with ok
1 verbose cli [ 'node', '/usr/local/bin/npm', 'install', 'owlcarousel2' ]
2 info using npm@2.7.6
3 info using node@v0.12.5
4 verbose install initial load of /Users/petepetrash/Sites/PeteKP-v3/package.json
5 warn package.json petekp-v3@0.0.0 No repository field.
6 verbose installManyTop reading scoped package data from /Users/petepetrash/Sites/PeteKP-v3/node_modules/grunt/package.json
7 verbose installManyTop reading scoped package data from /Users/petepetrash/Sites/PeteKP-v3/node_modules/grunt-autoprefixer/package.json
8 verbose installManyTop reading scoped package data from /Users/petepetrash/Sites/PeteKP-v3/node_modules/grunt-bower-install/package.json
9 verbose installManyTop reading scoped package data from /Users/petepetrash/Sites/PeteKP-v3/node_modules/grunt-concurrent/package.json
10 verbose installManyTop reading scoped package data from /Users/petepetrash/Sites/PeteKP-v3/node_modules/grunt-contrib-clean/package.json
11 verbose installManyTop reading scoped package data from /Users/petepetrash/Sites/PeteKP-v3/node_modules/grunt-contrib-concat/package.json
12 verbose installManyTop reading scoped package data from /Users/petepetrash/Sites/PeteKP-v3/node_modules/grunt-contrib-connect/package.json
13 verbose installManyTop reading scoped package data from /Users/petepetrash/Sites/PeteKP-v3/node_modules/grunt-contrib-copy/package.json
14 verbose installManyTop reading scoped package data from /Users/petepetrash/Sites/PeteKP-v3/node_modules/grunt-contrib-cssmin/package.json
15 verbose installManyTop reading scoped package data from /Users/petepetrash/Sites/PeteKP-v3/node_modules/grunt-contrib-htmlmin/package.json
16 verbose installManyTop reading scoped package data from /Users/petepetrash/Sites/PeteKP-v3/node_modules/grunt-contrib-imagemin/package.json
17 verbose installManyTop reading scoped package data from /Users/petepetrash/Sites/PeteKP-v3/node_modules/grunt-contrib-jshint/package.json
18 verbose installManyTop reading scoped package data from /Users/petepetrash/Sites/PeteKP-v3/node_modules/grunt-contrib-sass/package.json
19 verbose installManyTop reading scoped package data from /Users/petepetrash/Sites/PeteKP-v3/node_modules/grunt-contrib-uglify/package.json
20 verbose installManyTop reading scoped package data from /Users/petepetrash/Sites/PeteKP-v3/node_modules/grunt-contrib-watch/package.json
21 verbose installManyTop reading scoped package data from /Users/petepetrash/Sites/PeteKP-v3/node_modules/grunt-ftp-deploy/package.json
22 verbose installManyTop reading scoped package data from /Users/petepetrash/Sites/PeteKP-v3/node_modules/grunt-includes/package.json
23 verbose installManyTop reading scoped package data from /Users/petepetrash/Sites/PeteKP-v3/node_modules/grunt-mocha/package.json
24 verbose installManyTop reading scoped package data from /Users/petepetrash/Sites/PeteKP-v3/node_modules/grunt-newer/package.json
25 verbose installManyTop reading scoped package data from /Users/petepetrash/Sites/PeteKP-v3/node_modules/grunt-rev/package.json
26 verbose installManyTop reading scoped package data from /Users/petepetrash/Sites/PeteKP-v3/node_modules/grunt-svgmin/package.json
27 verbose installManyTop reading scoped package data from /Users/petepetrash/Sites/PeteKP-v3/node_modules/grunt-usemin/package.json
28 verbose installManyTop reading scoped package data from /Users/petepetrash/Sites/PeteKP-v3/node_modules/jshint-stylish/package.json
29 verbose installManyTop reading scoped package data from /Users/petepetrash/Sites/PeteKP-v3/node_modules/load-grunt-tasks/package.json
30 verbose installManyTop reading scoped package data from /Users/petepetrash/Sites/PeteKP-v3/node_modules/time-grunt/package.json
31 verbose readDependencies loading dependencies from /Users/petepetrash/Sites/PeteKP-v3/package.json
32 silly cache add args [ 'owlcarousel2', null ]
33 verbose cache add spec owlcarousel2
34 silly cache add parsed spec { raw: 'owlcarousel2',
34 silly cache add   scope: null,
34 silly cache add   name: 'owlcarousel2',
34 silly cache add   rawSpec: '',
34 silly cache add   spec: '*',
34 silly cache add   type: 'range' }
35 silly addNamed owlcarousel2@*
36 verbose addNamed "*" is a valid semver range for owlcarousel2
37 silly addNameRange { name: 'owlcarousel2', range: '*', hasData: false }
38 silly mapToRegistry name owlcarousel2
39 silly mapToRegistry using default registry
40 silly mapToRegistry registry https://registry.npmjs.org/
41 silly mapToRegistry uri https://registry.npmjs.org/owlcarousel2
42 verbose addNameRange registry:https://registry.npmjs.org/owlcarousel2 not in flight; fetching
43 verbose request uri https://registry.npmjs.org/owlcarousel2
44 verbose request no auth needed
45 info attempt registry request try #1 at 2:34:19 PM
46 verbose request id b4851bf92feef25a
47 http request GET https://registry.npmjs.org/owlcarousel2
48 http 404 https://registry.npmjs.org/owlcarousel2
49 verbose headers { 'content-type': 'application/json',
49 verbose headers   'cache-control': 'max-age=0',
49 verbose headers   'content-length': '2',
49 verbose headers   'accept-ranges': 'bytes',
49 verbose headers   date: 'Sun, 08 Nov 2015 22:34:20 GMT',
49 verbose headers   via: '1.1 varnish',
49 verbose headers   age: '0',
49 verbose headers   connection: 'keep-alive',
49 verbose headers   'x-served-by': 'cache-sjc3133-SJC',
49 verbose headers   'x-cache': 'MISS',
49 verbose headers   'x-cache-hits': '0',
49 verbose headers   'x-timer': 'S1447022060.067005,VS0,VE87' }
50 silly get cb [ 404,
50 silly get   { 'content-type': 'application/json',
50 silly get     'cache-control': 'max-age=0',
50 silly get     'content-length': '2',
50 silly get     'accept-ranges': 'bytes',
50 silly get     date: 'Sun, 08 Nov 2015 22:34:20 GMT',
50 silly get     via: '1.1 varnish',
50 silly get     age: '0',
50 silly get     connection: 'keep-alive',
50 silly get     'x-served-by': 'cache-sjc3133-SJC',
50 silly get     'x-cache': 'MISS',
50 silly get     'x-cache-hits': '0',
50 silly get     'x-timer': 'S1447022060.067005,VS0,VE87' } ]
51 verbose stack Error: Registry returned 404 for GET on https://registry.npmjs.org/owlcarousel2
51 verbose stack     at CachingRegistryClient.<anonymous> (/usr/local/lib/node_modules/npm/node_modules/npm-registry-client/lib/request.js:239:14)
51 verbose stack     at Request._callback (/usr/local/lib/node_modules/npm/node_modules/npm-registry-client/lib/request.js:170:14)
51 verbose stack     at Request.self.callback (/usr/local/lib/node_modules/npm/node_modules/request/request.js:360:22)
51 verbose stack     at Request.emit (events.js:110:17)
51 verbose stack     at Request.<anonymous> (/usr/local/lib/node_modules/npm/node_modules/request/request.js:1202:14)
51 verbose stack     at Request.emit (events.js:129:20)
51 verbose stack     at IncomingMessage.<anonymous> (/usr/local/lib/node_modules/npm/node_modules/request/request.js:1150:12)
51 verbose stack     at IncomingMessage.emit (events.js:129:20)
51 verbose stack     at _stream_readable.js:908:16
51 verbose stack     at process._tickCallback (node.js:355:11)
52 verbose statusCode 404
53 verbose pkgid owlcarousel2
54 verbose cwd /Users/petepetrash/Sites/PeteKP-v3
55 error Darwin 15.0.0
56 error argv "node" "/usr/local/bin/npm" "install" "owlcarousel2"
57 error node v0.12.5
58 error npm  v2.7.6
59 error code E404
60 error 404 Registry returned 404 for GET on https://registry.npmjs.org/owlcarousel2
60 error 404
60 error 404 'owlcarousel2' is not in the npm registry.
60 error 404 You should bug the author to publish it (or use the name yourself!)
60 error 404 It was specified as a dependency of 'petekp-v3'
60 error 404
60 error 404 Note that you can also install from a
60 error 404 tarball, folder, http url, or git url.
61 verbose exit [ 1, true ]
